mode: set
github.com/Zyprush18/Scorely/cmd/main.go:5.12,7.2 1 0
github.com/Zyprush18/Scorely/database/connect.go:12.33,18.16 3 0
github.com/Zyprush18/Scorely/database/connect.go:18.16,21.3 2 0
github.com/Zyprush18/Scorely/database/connect.go:24.2,38.17 2 0
github.com/Zyprush18/Scorely/database/connect.go:38.17,41.3 2 0
github.com/Zyprush18/Scorely/database/connect.go:43.2,43.15 1 0
github.com/Zyprush18/Scorely/helper/helper.go:53.42,55.2 1 0
github.com/Zyprush18/Scorely/helper/helper.go:58.38,60.16 2 0
github.com/Zyprush18/Scorely/helper/helper.go:60.16,62.3 1 0
github.com/Zyprush18/Scorely/helper/helper.go:64.2,66.57 2 0
github.com/Zyprush18/Scorely/helper/helper.go:66.57,68.3 1 0
github.com/Zyprush18/Scorely/helper/helper.go:69.2,69.34 1 0
github.com/Zyprush18/Scorely/helper/helper.go:72.43,76.70 2 1
github.com/Zyprush18/Scorely/helper/helper.go:76.70,78.18 2 1
github.com/Zyprush18/Scorely/helper/helper.go:78.18,80.4 1 0
github.com/Zyprush18/Scorely/helper/helper.go:82.3,82.14 1 1
github.com/Zyprush18/Scorely/helper/helper.go:85.2,85.46 1 1
github.com/Zyprush18/Scorely/helper/helper.go:85.46,87.35 2 1
github.com/Zyprush18/Scorely/helper/helper.go:87.35,88.34 1 1
github.com/Zyprush18/Scorely/helper/helper.go:88.34,90.5 1 1
github.com/Zyprush18/Scorely/helper/helper.go:94.2,94.12 1 1
github.com/Zyprush18/Scorely/handlers/role/role_handler.go:19.77,21.2 1 1
github.com/Zyprush18/Scorely/handlers/role/role_handler.go:24.72,26.29 2 1
github.com/Zyprush18/Scorely/handlers/role/role_handler.go:26.29,32.3 3 1
github.com/Zyprush18/Scorely/handlers/role/role_handler.go:34.2,35.16 2 1
github.com/Zyprush18/Scorely/handlers/role/role_handler.go:35.16,42.3 4 1
github.com/Zyprush18/Scorely/handlers/role/role_handler.go:44.2,48.4 2 1
github.com/Zyprush18/Scorely/handlers/role/role_handler.go:51.72,53.29 2 1
github.com/Zyprush18/Scorely/handlers/role/role_handler.go:53.29,59.3 3 1
github.com/Zyprush18/Scorely/handlers/role/role_handler.go:61.2,64.65 2 1
github.com/Zyprush18/Scorely/handlers/role/role_handler.go:64.65,70.3 3 1
github.com/Zyprush18/Scorely/handlers/role/role_handler.go:73.2,73.53 1 1
github.com/Zyprush18/Scorely/handlers/role/role_handler.go:73.53,81.3 3 1
github.com/Zyprush18/Scorely/handlers/role/role_handler.go:83.2,83.51 1 1
github.com/Zyprush18/Scorely/handlers/role/role_handler.go:83.51,90.3 4 1
github.com/Zyprush18/Scorely/handlers/role/role_handler.go:92.2,95.4 2 1
github.com/Zyprush18/Scorely/handlers/role/role_handler.go:100.68,102.29 2 1
github.com/Zyprush18/Scorely/handlers/role/role_handler.go:102.29,108.3 3 1
github.com/Zyprush18/Scorely/handlers/role/role_handler.go:111.2,112.16 2 1
github.com/Zyprush18/Scorely/handlers/role/role_handler.go:112.16,120.3 4 1
github.com/Zyprush18/Scorely/handlers/role/role_handler.go:123.2,124.16 2 1
github.com/Zyprush18/Scorely/handlers/role/role_handler.go:124.16,132.3 5 1
github.com/Zyprush18/Scorely/handlers/role/role_handler.go:134.2,138.4 2 1
github.com/Zyprush18/Scorely/handlers/role/role_handler.go:142.71,144.28 2 1
github.com/Zyprush18/Scorely/handlers/role/role_handler.go:144.28,150.3 3 1
github.com/Zyprush18/Scorely/handlers/role/role_handler.go:151.2,154.58 2 1
github.com/Zyprush18/Scorely/handlers/role/role_handler.go:154.58,160.3 3 1
github.com/Zyprush18/Scorely/handlers/role/role_handler.go:163.2,164.16 2 1
github.com/Zyprush18/Scorely/handlers/role/role_handler.go:164.16,172.3 4 1
github.com/Zyprush18/Scorely/handlers/role/role_handler.go:174.2,174.52 1 1
github.com/Zyprush18/Scorely/handlers/role/role_handler.go:174.52,181.3 4 1
github.com/Zyprush18/Scorely/handlers/role/role_handler.go:183.2,186.5 2 1
github.com/Zyprush18/Scorely/handlers/role/role_handler.go:189.70,191.31 2 1
github.com/Zyprush18/Scorely/handlers/role/role_handler.go:191.31,197.3 3 1
github.com/Zyprush18/Scorely/handlers/role/role_handler.go:199.2,200.16 2 1
github.com/Zyprush18/Scorely/handlers/role/role_handler.go:200.16,206.3 3 1
github.com/Zyprush18/Scorely/handlers/role/role_handler.go:208.2,208.48 1 1
github.com/Zyprush18/Scorely/handlers/role/role_handler.go:208.48,214.3 3 1
github.com/Zyprush18/Scorely/handlers/role/role_handler.go:216.2,219.4 2 1
github.com/Zyprush18/Scorely/handlers/role/role_handler_mock.go:15.58,18.2 2 1
github.com/Zyprush18/Scorely/handlers/role/role_handler_mock.go:20.70,23.2 2 1
github.com/Zyprush18/Scorely/handlers/role/role_handler_mock.go:27.42,29.2 1 1
github.com/Zyprush18/Scorely/handlers/role/role_handler_mock.go:31.63,34.2 2 1
github.com/Zyprush18/Scorely/handlers/role/role_handler_mock.go:36.70,39.2 2 1
github.com/Zyprush18/Scorely/handlers/role/role_handler_mock.go:41.49,44.2 2 1
github.com/Zyprush18/Scorely/routes/web.go:15.15,20.16 4 0
github.com/Zyprush18/Scorely/routes/web.go:20.16,23.3 2 0
github.com/Zyprush18/Scorely/routes/web.go:26.2,40.40 11 0
github.com/Zyprush18/Scorely/repository/reporole/role.go:25.40,27.2 1 1
github.com/Zyprush18/Scorely/repository/reporole/role.go:30.63,32.83 2 1
github.com/Zyprush18/Scorely/repository/reporole/role.go:32.83,34.3 1 1
github.com/Zyprush18/Scorely/repository/reporole/role.go:36.2,38.30 2 1
github.com/Zyprush18/Scorely/repository/reporole/role.go:38.30,48.3 1 1
github.com/Zyprush18/Scorely/repository/reporole/role.go:50.2,50.18 1 1
github.com/Zyprush18/Scorely/repository/reporole/role.go:54.58,55.64 1 1
github.com/Zyprush18/Scorely/repository/reporole/role.go:55.64,57.3 1 1
github.com/Zyprush18/Scorely/repository/reporole/role.go:59.2,59.12 1 1
github.com/Zyprush18/Scorely/repository/reporole/role.go:63.62,66.113 2 1
github.com/Zyprush18/Scorely/repository/reporole/role.go:66.113,68.3 1 1
github.com/Zyprush18/Scorely/repository/reporole/role.go:70.2,80.19 2 1
github.com/Zyprush18/Scorely/repository/reporole/role.go:84.67,85.88 1 1
github.com/Zyprush18/Scorely/repository/reporole/role.go:85.88,87.3 1 1
github.com/Zyprush18/Scorely/repository/reporole/role.go:89.2,89.12 1 1
github.com/Zyprush18/Scorely/repository/reporole/role.go:92.45,94.56 2 1
github.com/Zyprush18/Scorely/repository/reporole/role.go:94.56,96.3 1 1
github.com/Zyprush18/Scorely/repository/reporole/role.go:98.2,98.12 1 1
github.com/Zyprush18/Scorely/repository/reporole/role.go:103.57,105.25 2 1
github.com/Zyprush18/Scorely/repository/reporole/role.go:105.25,112.3 1 1
github.com/Zyprush18/Scorely/repository/reporole/role.go:113.2,113.15 1 1
github.com/Zyprush18/Scorely/repository/reporole/role_mock.go:9.56,11.16 2 1
github.com/Zyprush18/Scorely/repository/reporole/role_mock.go:11.16,13.3 1 0
github.com/Zyprush18/Scorely/repository/reporole/role_mock.go:16.2,21.16 2 1
github.com/Zyprush18/Scorely/repository/reporole/role_mock.go:21.16,23.3 1 0
github.com/Zyprush18/Scorely/repository/reporole/role_mock.go:25.2,25.22 1 1
github.com/Zyprush18/Scorely/service/servicerole/role.go:22.58,24.2 1 1
github.com/Zyprush18/Scorely/service/servicerole/role.go:26.58,28.2 1 1
github.com/Zyprush18/Scorely/service/servicerole/role.go:30.55,32.2 1 1
github.com/Zyprush18/Scorely/service/servicerole/role.go:35.66,37.16 2 1
github.com/Zyprush18/Scorely/service/servicerole/role.go:37.16,39.3 1 1
github.com/Zyprush18/Scorely/service/servicerole/role.go:41.2,41.18 1 1
github.com/Zyprush18/Scorely/service/servicerole/role.go:44.67,46.16 2 1
github.com/Zyprush18/Scorely/service/servicerole/role.go:46.16,48.3 1 1
github.com/Zyprush18/Scorely/service/servicerole/role.go:50.2,50.12 1 1
github.com/Zyprush18/Scorely/service/servicerole/role.go:53.45,55.16 2 1
github.com/Zyprush18/Scorely/service/servicerole/role.go:55.16,57.3 1 1
github.com/Zyprush18/Scorely/service/servicerole/role.go:59.2,59.12 1 1
github.com/Zyprush18/Scorely/service/servicerole/role_service_mock.go:15.62,18.2 2 1
github.com/Zyprush18/Scorely/service/servicerole/role_service_mock.go:20.67,23.2 2 1
github.com/Zyprush18/Scorely/service/servicerole/role_service_mock.go:25.68,29.2 2 1
github.com/Zyprush18/Scorely/service/servicerole/role_service_mock.go:31.70,34.2 2 1
github.com/Zyprush18/Scorely/service/servicerole/role_service_mock.go:36.49,39.2 2 1
