mode: set
github.com/Zyprush18/Scorely/cmd/main.go:5.12,7.2 1 0
github.com/Zyprush18/Scorely/database/connect.go:12.33,18.16 3 0
github.com/Zyprush18/Scorely/database/connect.go:18.16,21.3 2 0
github.com/Zyprush18/Scorely/database/connect.go:24.2,38.17 2 0
github.com/Zyprush18/Scorely/database/connect.go:38.17,41.3 2 0
github.com/Zyprush18/Scorely/database/connect.go:43.2,43.15 1 0
github.com/Zyprush18/Scorely/helper/helper.go:52.42,54.2 1 0
github.com/Zyprush18/Scorely/helper/helper.go:57.38,59.16 2 0
github.com/Zyprush18/Scorely/helper/helper.go:59.16,61.3 1 0
github.com/Zyprush18/Scorely/helper/helper.go:63.2,65.57 2 0
github.com/Zyprush18/Scorely/helper/helper.go:65.57,67.3 1 0
github.com/Zyprush18/Scorely/helper/helper.go:68.2,68.34 1 0
github.com/Zyprush18/Scorely/helper/helper.go:71.43,75.70 2 1
github.com/Zyprush18/Scorely/helper/helper.go:75.70,77.18 2 1
github.com/Zyprush18/Scorely/helper/helper.go:77.18,79.4 1 0
github.com/Zyprush18/Scorely/helper/helper.go:81.3,81.14 1 1
github.com/Zyprush18/Scorely/helper/helper.go:84.2,84.46 1 1
github.com/Zyprush18/Scorely/helper/helper.go:84.46,86.35 2 1
github.com/Zyprush18/Scorely/helper/helper.go:86.35,87.34 1 1
github.com/Zyprush18/Scorely/helper/helper.go:87.34,89.5 1 1
github.com/Zyprush18/Scorely/helper/helper.go:93.2,93.12 1 1
github.com/Zyprush18/Scorely/handlers/role/role_handler.go:20.77,22.2 1 1
github.com/Zyprush18/Scorely/handlers/role/role_handler.go:25.72,27.29 2 1
github.com/Zyprush18/Scorely/handlers/role/role_handler.go:27.29,33.3 3 0
github.com/Zyprush18/Scorely/handlers/role/role_handler.go:35.2,36.16 2 1
github.com/Zyprush18/Scorely/handlers/role/role_handler.go:36.16,43.3 4 1
github.com/Zyprush18/Scorely/handlers/role/role_handler.go:45.2,49.4 2 1
github.com/Zyprush18/Scorely/handlers/role/role_handler.go:52.72,54.29 2 1
github.com/Zyprush18/Scorely/handlers/role/role_handler.go:54.29,60.3 3 0
github.com/Zyprush18/Scorely/handlers/role/role_handler.go:62.2,65.65 2 1
github.com/Zyprush18/Scorely/handlers/role/role_handler.go:65.65,71.3 3 0
github.com/Zyprush18/Scorely/handlers/role/role_handler.go:74.2,74.53 1 1
github.com/Zyprush18/Scorely/handlers/role/role_handler.go:74.53,82.3 3 1
github.com/Zyprush18/Scorely/handlers/role/role_handler.go:84.2,84.51 1 1
github.com/Zyprush18/Scorely/handlers/role/role_handler.go:84.51,91.3 4 0
github.com/Zyprush18/Scorely/handlers/role/role_handler.go:93.2,96.4 2 1
github.com/Zyprush18/Scorely/handlers/role/role_handler.go:101.68,103.29 2 1
github.com/Zyprush18/Scorely/handlers/role/role_handler.go:103.29,109.3 3 0
github.com/Zyprush18/Scorely/handlers/role/role_handler.go:112.2,115.16 4 1
github.com/Zyprush18/Scorely/handlers/role/role_handler.go:115.16,123.3 4 0
github.com/Zyprush18/Scorely/handlers/role/role_handler.go:126.2,127.16 2 1
github.com/Zyprush18/Scorely/handlers/role/role_handler.go:127.16,135.3 5 1
github.com/Zyprush18/Scorely/handlers/role/role_handler.go:137.2,141.4 2 1
github.com/Zyprush18/Scorely/handlers/role/role_handler.go:145.71,147.28 2 0
github.com/Zyprush18/Scorely/handlers/role/role_handler.go:147.28,153.3 3 0
github.com/Zyprush18/Scorely/handlers/role/role_handler.go:154.2,157.58 2 0
github.com/Zyprush18/Scorely/handlers/role/role_handler.go:157.58,163.3 3 0
github.com/Zyprush18/Scorely/handlers/role/role_handler.go:166.2,169.16 4 0
github.com/Zyprush18/Scorely/handlers/role/role_handler.go:169.16,177.3 4 0
github.com/Zyprush18/Scorely/handlers/role/role_handler.go:179.2,179.52 1 0
github.com/Zyprush18/Scorely/handlers/role/role_handler.go:179.52,186.3 4 0
github.com/Zyprush18/Scorely/handlers/role/role_handler.go:188.2,191.5 2 0
github.com/Zyprush18/Scorely/handlers/role/role_handler_mock.go:15.58,18.2 2 1
github.com/Zyprush18/Scorely/handlers/role/role_handler_mock.go:20.70,23.2 2 1
github.com/Zyprush18/Scorely/handlers/role/role_handler_mock.go:27.42,29.2 1 1
github.com/Zyprush18/Scorely/handlers/role/role_handler_mock.go:31.63,34.2 2 1
github.com/Zyprush18/Scorely/handlers/role/role_handler_mock.go:36.70,39.2 2 0
github.com/Zyprush18/Scorely/routes/web.go:15.15,20.16 4 0
github.com/Zyprush18/Scorely/routes/web.go:20.16,23.3 2 0
github.com/Zyprush18/Scorely/routes/web.go:26.2,37.35 9 0
github.com/Zyprush18/Scorely/repository/reporole/role.go:24.40,26.2 1 1
github.com/Zyprush18/Scorely/repository/reporole/role.go:29.63,31.83 2 1
github.com/Zyprush18/Scorely/repository/reporole/role.go:31.83,33.3 1 1
github.com/Zyprush18/Scorely/repository/reporole/role.go:35.2,37.30 2 1
github.com/Zyprush18/Scorely/repository/reporole/role.go:37.30,47.3 1 1
github.com/Zyprush18/Scorely/repository/reporole/role.go:49.2,49.18 1 1
github.com/Zyprush18/Scorely/repository/reporole/role.go:53.58,54.64 1 1
github.com/Zyprush18/Scorely/repository/reporole/role.go:54.64,56.3 1 1
github.com/Zyprush18/Scorely/repository/reporole/role.go:58.2,58.12 1 1
github.com/Zyprush18/Scorely/repository/reporole/role.go:62.62,65.113 2 1
github.com/Zyprush18/Scorely/repository/reporole/role.go:65.113,67.3 1 1
github.com/Zyprush18/Scorely/repository/reporole/role.go:69.2,79.19 2 1
github.com/Zyprush18/Scorely/repository/reporole/role.go:83.67,84.88 1 1
github.com/Zyprush18/Scorely/repository/reporole/role.go:84.88,86.3 1 1
github.com/Zyprush18/Scorely/repository/reporole/role.go:88.2,88.12 1 1
github.com/Zyprush18/Scorely/repository/reporole/role.go:92.57,94.25 2 1
github.com/Zyprush18/Scorely/repository/reporole/role.go:94.25,101.3 1 1
github.com/Zyprush18/Scorely/repository/reporole/role.go:102.2,102.15 1 1
github.com/Zyprush18/Scorely/repository/reporole/role_mock.go:9.56,11.16 2 1
github.com/Zyprush18/Scorely/repository/reporole/role_mock.go:11.16,13.3 1 0
github.com/Zyprush18/Scorely/repository/reporole/role_mock.go:16.2,21.16 2 1
github.com/Zyprush18/Scorely/repository/reporole/role_mock.go:21.16,23.3 1 0
github.com/Zyprush18/Scorely/repository/reporole/role_mock.go:25.2,25.22 1 1
github.com/Zyprush18/Scorely/service/servicerole/role.go:21.58,23.2 1 1
github.com/Zyprush18/Scorely/service/servicerole/role.go:25.58,27.2 1 1
github.com/Zyprush18/Scorely/service/servicerole/role.go:29.55,31.2 1 1
github.com/Zyprush18/Scorely/service/servicerole/role.go:34.66,36.16 2 1
github.com/Zyprush18/Scorely/service/servicerole/role.go:36.16,38.3 1 1
github.com/Zyprush18/Scorely/service/servicerole/role.go:40.2,40.18 1 1
github.com/Zyprush18/Scorely/service/servicerole/role.go:43.67,45.16 2 0
github.com/Zyprush18/Scorely/service/servicerole/role.go:45.16,47.3 1 0
github.com/Zyprush18/Scorely/service/servicerole/role.go:49.2,49.12 1 0
github.com/Zyprush18/Scorely/service/servicerole/role_service_mock.go:15.62,18.2 2 1
github.com/Zyprush18/Scorely/service/servicerole/role_service_mock.go:20.67,23.2 2 1
github.com/Zyprush18/Scorely/service/servicerole/role_service_mock.go:25.68,29.2 2 1
github.com/Zyprush18/Scorely/service/servicerole/role_service_mock.go:31.70,34.2 2 0
